<?xml version="1.0" encoding="UTF-8"?>
<testsuite name="de.uniba.wiai.dsg.ajp.assignment3.RegularPriceTest" tests="6" skipped="0" failures="0" errors="0" timestamp="2024-07-10T11:53:15" hostname="DESKTOP-6VK61R6" time="0.214">
  <properties/>
  <testcase name="testGetPriceCodeReturnsCorrectValue()" classname="de.uniba.wiai.dsg.ajp.assignment3.RegularPriceTest" time="0.038"/>
  <testcase name="[1] 0" classname="de.uniba.wiai.dsg.ajp.assignment3.RegularPriceTest" time="0.049"/>
  <testcase name="[2] -1" classname="de.uniba.wiai.dsg.ajp.assignment3.RegularPriceTest" time="0.021"/>
  <testcase name="[3] -2" classname="de.uniba.wiai.dsg.ajp.assignment3.RegularPriceTest" time="0.004"/>
  <testcase name="[1] 1" classname="de.uniba.wiai.dsg.ajp.assignment3.RegularPriceTest" time="0.006"/>
  <testcase name="[2] 3" classname="de.uniba.wiai.dsg.ajp.assignment3.RegularPriceTest" time="0.003"/>
  <system-out><![CDATA[]]></system-out>
  <system-err><![CDATA[]]></system-err>
</testsuite>
